<?xml version="1.0" encoding="UTF-8"?>
<!-- Generated by org.testng.reporters.JUnitReportReporter -->
<testsuite hostname="DESKTOP-320Q1I8" name="SeleniumWebdriverTest.SampleSeleniumTestUsingTestNG" tests="1" failures="0" timestamp="24 May 2018 06:13:02 GMT" time="2.108" errors="0">
  <testcase name="webdriverTest" time="2.108" classname="SeleniumWebdriverTest.SampleSeleniumTestUsingTestNG"/>
</testsuite> <!-- SeleniumWebdriverTest.SampleSeleniumTestUsingTestNG -->
